

Microchip MPLAB XC8 Assembler V2.05 build -831301201 
                                                                                               Tue Jul 09 14:27:35 2019

Microchip MPLAB XC8 C Compiler v2.05 (Free license) build 20181220022703 Og1 
     1                           	processor	18F4550
     2                           	fnconf	rparam,??,?,0
     3                           	opt	pw 120
     4                           	opt	flic
     5                           	psect	cinit,global,reloc=2,class=CODE,delta=1
     6                           	psect	cstackCOMRAM,global,class=COMRAM,space=1,delta=1,noexec
     7                           	psect	text0,global,reloc=2,class=CODE,delta=1
     8                           	psect	intsave_regs,global,class=BIGRAM,space=1,delta=1,noexec
     9                           	psect	rparam,global,class=COMRAM,space=1,delta=1,noexec
    10  0000                     
    11                           ; Version 2.05
    12                           ; Generated 20/12/2018 GMT
    13                           ; 
    14                           ; Copyright © 2018, Microchip Technology Inc. and its subsidiaries ("Microchip")
    15                           ; All rights reserved.
    16                           ; 
    17                           ; This software is developed by Microchip Technology Inc. and its subsidiaries ("Microch
      +                          ip").
    18                           ; 
    19                           ; Redistribution and use in source and binary forms, with or without modification, are
    20                           ; permitted provided that the following conditions are met:
    21                           ; 
    22                           ;     1. Redistributions of source code must retain the above copyright notice, this lis
      +                          t of
    23                           ;        conditions and the following disclaimer.
    24                           ; 
    25                           ;     2. Redistributions in binary form must reproduce the above copyright notice, this 
      +                          list
    26                           ;        of conditions and the following disclaimer in the documentation and/or other
    27                           ;        materials provided with the distribution.
    28                           ; 
    29                           ;     3. Microchip's name may not be used to endorse or promote products derived from th
      +                          is
    30                           ;        software without specific prior written permission.
    31                           ; 
    32                           ; THIS SOFTWARE IS PROVIDED BY MICROCHIP "AS IS" AND ANY EXPRESS OR IMPLIED WARRANTIES,
    33                           ; INCLUDING, BUT NOT LIMITED TO, THE IMPLIED WARRANTIES OF MERCHANTABILITY AND FITNESS F
      +                          OR
    34                           ; PURPOSE ARE DISCLAIMED.  IN NO EVENT SHALL MICROCHIP BE LIABLE FOR ANY DIRECT, INDIREC
      +                          T,
    35                           ; INCIDENTAL, SPECIAL, EXEMPLARY, OR CONSEQUENTIAL DAMAGES (INCLUDING BUT NOT LIMITED TO
    36                           ; PROCUREMENT OF SUBSTITUTE GOODS OR SERVICES; LOSS OF USE, DATA OR PROFITS; OR BUSINESS
    37                           ; INTERRUPTION) HOWSOEVER CAUSED AND ON ANY THEORY OF LIABILITY, WHETHER IN CONTRACT, ST
      +                          RICT
    38                           ; LIABILITY, OR TORT (INCLUDING NEGLIGENCE OR OTHERWISE) ARISING IN ANY WAY OUT OF THE U
      +                          SE OF
    39                           ; THIS SOFTWARE, EVEN IF ADVISED OF THE POSSIBILITY OF SUCH DAMAGE.
    40                           ; 
    41                           ; 
    42                           ; Code-generator required, PIC18F4550 Definitions
    43                           ; 
    44                           ; SFR Addresses
    45  0000                     _LATEbits	set	3981
    46  0000                     _PORTCbits	set	3970
    47  0000                     _TRISEbits	set	3990
    48  0000                     _TRISCbits	set	3988
    49  0000                     _CMCON	set	4020
    50  0000                     _ADCON1	set	4033
    51                           
    52                           ; #config settings
    53  0000                     
    54                           	psect	cinit
    55  007FE2                     __pcinit:
    56                           	opt callstack 0
    57  007FE2                     start_initialization:
    58                           	opt callstack 0
    59  007FE2                     __initialization:
    60                           	opt callstack 0
    61  007FE2                     end_of_initialization:
    62                           	opt callstack 0
    63  007FE2                     __end_of__initialization:
    64                           	opt callstack 0
    65  007FE2  0100               	movlb	0
    66  007FE4  EFF4  F03F         	goto	_main	;jump to C main() function
    67                           
    68                           	psect	cstackCOMRAM
    69  000000                     __pcstackCOMRAM:
    70                           	opt callstack 0
    71  000000                     
    72                           ; 1 bytes @ 0x0
    73 ;;
    74 ;;Main: autosize = 0, tempsize = 0, incstack = 0, save=0
    75 ;;
    76 ;; *************** function _main *****************
    77 ;; Defined at:
    78 ;;		line 42 in file "main.c"
    79 ;; Parameters:    Size  Location     Type
    80 ;;		None
    81 ;; Auto vars:     Size  Location     Type
    82 ;;		None
    83 ;; Return value:  Size  Location     Type
    84 ;;                  1    wreg      void 
    85 ;; Registers used:
    86 ;;		wreg, status,2
    87 ;; Tracked objects:
    88 ;;		On entry : 0/0
    89 ;;		On exit  : 0/0
    90 ;;		Unchanged: 0/0
    91 ;; Data sizes:     COMRAM   BANK0   BANK1   BANK2   BANK3   BANK4   BANK5   BANK6   BANK7
    92 ;;      Params:         0       0       0       0       0       0       0       0       0
    93 ;;      Locals:         0       0       0       0       0       0       0       0       0
    94 ;;      Temps:          0       0       0       0       0       0       0       0       0
    95 ;;      Totals:         0       0       0       0       0       0       0       0       0
    96 ;;Total ram usage:        0 bytes
    97 ;; This function calls:
    98 ;;		Nothing
    99 ;; This function is called by:
   100 ;;		Startup code after reset
   101 ;; This function uses a non-reentrant model
   102 ;;
   103                           
   104                           	psect	text0
   105  007FE8                     __ptext0:
   106                           	opt callstack 0
   107  007FE8                     _main:
   108                           	opt callstack 31
   109                           
   110                           ;main.c: 43:     ADCON1 = 0x0F;
   111                           
   112                           ;incstack = 0
   113  007FE8  0E0F               	movlw	15
   114  007FEA  6EC1               	movwf	4033,c	;volatile
   115                           
   116                           ;main.c: 44:     CMCON = 0x07;
   117  007FEC  0E07               	movlw	7
   118  007FEE  6EB4               	movwf	4020,c	;volatile
   119                           
   120                           ;main.c: 45:     TRISCbits.TRISC0=1;
   121  007FF0  8094               	bsf	3988,0,c	;volatile
   122                           
   123                           ;main.c: 46:     TRISEbits.TRISE2=0;
   124  007FF2  9496               	bcf	3990,2,c	;volatile
   125  007FF4                     l704:
   126                           
   127                           ;main.c: 49:         if (PORTCbits.RC0)
   128  007FF4  A082               	btfss	3970,0,c	;volatile
   129  007FF6  D002               	goto	l18
   130                           
   131                           ;main.c: 50:             LATEbits.LATE2 = 0;
   132  007FF8  948D               	bcf	3981,2,c	;volatile
   133  007FFA  D7FC               	goto	l704
   134  007FFC                     l18:
   135                           
   136                           ;main.c: 52:             LATEbits.LATE2 = 1;
   137  007FFC  848D               	bsf	3981,2,c	;volatile
   138  007FFE  D7FA               	goto	l704
   139  008000                     __end_of_main:
   140                           	opt callstack 0
   141  0000                     
   142                           	psect	rparam
   143  0000                     tosu	equ	0xFFF
   144                           tosh	equ	0xFFE
   145                           tosl	equ	0xFFD
   146                           stkptr	equ	0xFFC
   147                           pclatu	equ	0xFFB
   148                           pclath	equ	0xFFA
   149                           pcl	equ	0xFF9
   150                           tblptru	equ	0xFF8
   151                           tblptrh	equ	0xFF7
   152                           tblptrl	equ	0xFF6
   153                           tablat	equ	0xFF5
   154                           prodh	equ	0xFF4
   155                           prodl	equ	0xFF3
   156                           indf0	equ	0xFEF
   157                           postinc0	equ	0xFEE
   158                           postdec0	equ	0xFED
   159                           preinc0	equ	0xFEC
   160                           plusw0	equ	0xFEB
   161                           fsr0h	equ	0xFEA
   162                           fsr0l	equ	0xFE9
   163                           wreg	equ	0xFE8
   164                           indf1	equ	0xFE7
   165                           postinc1	equ	0xFE6
   166                           postdec1	equ	0xFE5
   167                           preinc1	equ	0xFE4
   168                           plusw1	equ	0xFE3
   169                           fsr1h	equ	0xFE2
   170                           fsr1l	equ	0xFE1
   171                           bsr	equ	0xFE0
   172                           indf2	equ	0xFDF
   173                           postinc2	equ	0xFDE
   174                           postdec2	equ	0xFDD
   175                           preinc2	equ	0xFDC
   176                           plusw2	equ	0xFDB
   177                           fsr2h	equ	0xFDA
   178                           fsr2l	equ	0xFD9
   179                           status	equ	0xFD8


Data Sizes:
    Strings     0
    Constant    0
    Data        0
    BSS         0
    Persistent  0
    Stack       0

Auto Spaces:
    Space          Size  Autos    Used
    COMRAM           95      0       0
    BANK0           160      0       0
    BANK1           256      0       0
    BANK2           256      0       0
    BANK3           256      0       0
    BANK4           256      0       0
    BANK5           256      0       0
    BANK6           256      0       0
    BANK7           256      0       0

Pointer List with Targets:

    None.

Critical Paths under _main in COMRAM

    None.

Critical Paths under _main in BANK0

    None.

Critical Paths under _main in BANK1

    None.

Critical Paths under _main in BANK2

    None.

Critical Paths under _main in BANK3

    None.

Critical Paths under _main in BANK4

    None.

Critical Paths under _main in BANK5

    None.

Critical Paths under _main in BANK6

    None.

Critical Paths under _main in BANK7

    None.

Call Graph Tables:

 ---------------------------------------------------------------------------------
 (Depth) Function   	        Calls       Base Space   Used Autos Params    Refs
 ---------------------------------------------------------------------------------
 (0) _main                                                 0     0      0       0
 ---------------------------------------------------------------------------------
 Estimated maximum stack depth 0
 ---------------------------------------------------------------------------------

 Call Graph Graphs:

 _main (ROOT)

 Address spaces:
Name               Size   Autos  Total    Cost      Usage
BITCOMRAM           5F      0       0       0        0.0%
EEDATA             100      0       0       0        0.0%
NULL                 0      0       0       0        0.0%
CODE                 0      0       0       0        0.0%
COMRAM              5F      0       0       1        0.0%
STACK                0      0       0       2        0.0%
DATA                 0      0       0       3        0.0%
BITBANK0            A0      0       0       4        0.0%
BANK0               A0      0       0       5        0.0%
BITBANK1           100      0       0       6        0.0%
BANK1              100      0       0       7        0.0%
BITBANK2           100      0       0       8        0.0%
BANK2              100      0       0       9        0.0%
BITBANK3           100      0       0      10        0.0%
BANK3              100      0       0      11        0.0%
BITBANK4           100      0       0      12        0.0%
BANK4              100      0       0      13        0.0%
BITBANK5           100      0       0      14        0.0%
BANK5              100      0       0      15        0.0%
BITBANK6           100      0       0      16        0.0%
BANK6              100      0       0      17        0.0%
BITBANK7           100      0       0      18        0.0%
BANK7              100      0       0      19        0.0%
ABS                  0      0       0      20        0.0%
BIGRAM             7FF      0       0      21        0.0%
BITSFR               0      0       0     200        0.0%
SFR                  0      0       0     200        0.0%


Microchip Technology PIC18 Macro Assembler V2.05 build -831301201 
Symbol Table                                                                                   Tue Jul 09 14:27:35 2019

                     l18 7FFC       __CFG_FOSC$XTPLL_XT 000000                      l704 7FF4  
           __CFG_LVP$OFF 000000             __CFG_WDT$OFF 000000            __CFG_DEBUG$ON 000000  
           __CFG_PWRT$ON 000000                     _main 7FE8                     start 1000  
          __CFG_MCLRE$ON 000000             ___param_bank 000000                    ?_main 0000  
                  _CMCON 000FB4          __initialization 7FE2             __end_of_main 8000  
                 ??_main 0000            __activetblptr 000000                   _ADCON1 000FC1  
             __accesstop 0060  __end_of__initialization 7FE2            ___rparam_used 000001  
         __pcstackCOMRAM 0000                  __Hparam 0000                  __Lparam 0000  
                __pcinit 7FE2                  __ramtop 0800                  __ptext0 7FE8  
   end_of_initialization 7FE2                _PORTCbits 000F82                _TRISCbits 000F94  
              _TRISEbits 000F96      start_initialization 7FE2                 _LATEbits 000F8D  
               __Hrparam 0000                 __Lrparam 0000            __size_of_main 0018  
  __CFG_CPUDIV$OSC1_PLL2 000000  
